<?xml version="1.0" encoding="utf-8"?>
<shfbBuild product="Sandcastle Help File Builder and Tools" version="2017.5.15.0" projectFile="C:\Dev\Harness\src\Harness.Docs\Harness.Docs.shfbproj" started="10/09/2017 03:13:01">
<buildStep step="Initializing">
Finding tools...
The Sandcastle tools are located in &#39;C:\Program Files (x86)\EWSoftware\Sandcastle Help File Builder\&#39;
Locating components in the following folder(s):
    C:\Dev\Harness\src\Harness.Docs
    C:\ProgramData\EWSoftware\Sandcastle Help File Builder\Components and Plug-Ins\
    C:\Program Files (x86)\EWSoftware\Sandcastle Help File Builder\
Using framework reflection data for &#39;.NET Framework 4.6.1&#39; located in &#39;C:\Program Files (x86)\EWSoftware\Sandcastle Help File Builder\Data\.NETFramework&#39;
Using presentation style &#39;Markdown&#39; located in &#39;C:\Program Files (x86)\EWSoftware\Sandcastle Help File Builder\PresentationStyles\Markdown&#39;
-------------------------------
Clearing any prior web/markdown output...
</buildStep>
<buildStep step="ValidatingDocumentationSources">
Validating and copying documentation source information
Source: C:\Dev\Harness\src\Harness\Harness.csproj
    Found project &#39;C:\Dev\Harness\src\Harness\Harness.csproj&#39;

Parsing project files
    Found assembly &#39;C:\Dev\Harness\src\Harness\bin\Debug\Harness.dll&#39;

References to include (excluding framework assemblies):
    C:\Dev\Harness\src\Harness\bin\Debug\Harness.dll
    MongoDB.Bson, Version=2.4.3.23, Culture=neutral, processorArchitecture=MSIL
    MongoDB.Driver, Version=2.4.3.23, Culture=neutral, processorArchitecture=MSIL
    MongoDB.Driver.Core, Version=2.4.3.23, Culture=neutral, processorArchitecture=MSIL
    Newtonsoft.Json, Version=9.0.0.0, Culture=neutral, PublicKeyToken=30ad4fe6b2a6aeed, processorArchitecture=MSIL
    System.Runtime.InteropServices.RuntimeInformation, Version=4.0.0.0, Culture=neutral, PublicKeyToken=b03f5f7f11d50a3a, processorArchitecture=MSIL

Copying XML comments files
    C:\Dev\Harness\src\Harness\bin\Debug\Harness.xml -&gt; C:\Dev\Harness\src\Harness.Docs\Help\Working\Harness.xml
</buildStep>
<buildStep step="GenerateSharedContent">
Generating shared content files (en-US, English (United States))...
    Last step completed in 00:00:00.0060
</buildStep>
<buildStep step="GenerateApiFilter">
Generating API filter for MRefBuilder...
    Last step completed in 00:00:00.0010
</buildStep>
<buildStep step="GenerateReflectionInfo">
Generating reflection information...
[C:\Program Files (x86)\Microsoft Visual Studio\2017\Professional\MSBuild\15.0\Bin\MSBuild.exe - GenerateRefInfo.proj]
Build started 10/09/2017 03:13:02.
Project &quot;C:\Dev\Harness\src\Harness.Docs\Help\Working\GenerateRefInfo.proj&quot; on node 1 (default targets).
PrepareForBuild:
  Creating directory &quot;obj\Debug\&quot;.
GenerateRefInfo:
  MRefBuilder (v2017.5.15.0)
  Copyright &#184; 2006-2017, Microsoft Corporation, All Rights Reserved.
  Portions Copyright &#184; 2006-2016, Eric Woodruff, All Rights Reserved.
  No source code context base path specified.  Source context information is unavailable.
  Loaded 1 assemblies for reflection and 60 dependency assemblies.
  Wrote information on 3 namespaces, 23 types, and 66 members
  Copying file from &quot;reflection.org&quot; to &quot;reflection.all&quot;.
  XslTransform (v2017.5.15.0)
  Copyright &#184; 2006-2017, Microsoft Corporation, All Rights Reserved.
  Portions Copyright &#184; 2006-2016, Eric Woodruff, All Rights Reserved.
  Applying XSL transformation &#39;C:\Program Files (x86)\EWSoftware\Sandcastle Help File Builder\ProductionTransforms\MergeDuplicates.xsl&#39;.
Done Building Project &quot;C:\Dev\Harness\src\Harness.Docs\Help\Working\GenerateRefInfo.proj&quot; (default targets).

Build succeeded.

Time Elapsed 00:00:00.86
    Last step completed in 00:00:01.2570
</buildStep>
<buildStep step="TransformReflectionInfo">
Transforming reflection output...
[C:\Program Files (x86)\Microsoft Visual Studio\2017\Professional\MSBuild\15.0\Bin\MSBuild.exe - TransformManifest.proj]
Build started 10/09/2017 03:13:04.
Project &quot;C:\Dev\Harness\src\Harness.Docs\Help\Working\TransformManifest.proj&quot; on node 1 (default targets).
TransformManifest:
  XslTransform (v2017.5.15.0)
  Copyright &#184; 2006-2017, Microsoft Corporation, All Rights Reserved.
  Portions Copyright &#184; 2006-2016, Eric Woodruff, All Rights Reserved.
  Applying XSL transformation &#39;C:\Program Files (x86)\EWSoftware\Sandcastle Help File Builder\\ProductionTransforms\ApplyVSDocModel.xsl&#39;.
  Copying file from &quot;reflection.xml&quot; to &quot;reflection.nofilenames&quot;.
  XslTransform (v2017.5.15.0)
  Copyright &#184; 2006-2017, Microsoft Corporation, All Rights Reserved.
  Portions Copyright &#184; 2006-2016, Eric Woodruff, All Rights Reserved.
  Applying XSL transformation &#39;C:\Program Files (x86)\EWSoftware\Sandcastle Help File Builder\ProductionTransforms\AddFilenames.xsl&#39;.
  XslTransform (v2017.5.15.0)
  Copyright &#184; 2006-2017, Microsoft Corporation, All Rights Reserved.
  Portions Copyright &#184; 2006-2016, Eric Woodruff, All Rights Reserved.
  Applying XSL transformation &#39;C:\Program Files (x86)\EWSoftware\Sandcastle Help File Builder\ProductionTransforms\ReflectionToManifest.xsl&#39;.
Done Building Project &quot;C:\Dev\Harness\src\Harness.Docs\Help\Working\TransformManifest.proj&quot; (default targets).

Build succeeded.

Time Elapsed 00:00:00.68
    Last step completed in 00:00:00.9062
</buildStep>
<buildStep step="GenerateNamespaceSummaries">
Generating namespace summary information...
    Last step completed in 00:00:00.1140
</buildStep>
<buildStep step="GenerateInheritedDocumentation">
Generating inherited documentation...
[C:\Program Files (x86)\Microsoft Visual Studio\2017\Professional\MSBuild\15.0\Bin\MSBuild.exe - GenerateInheritedDocs.proj]
Sandcastle Help File Builder and Tools, version 2017.5.15.0
Copyright &#184; 2006-2017, Eric Woodruff, All Rights Reserved
E-Mail: Eric@EWoodruff.us

Reflection information will be retrieved from &#39;reflection.xml&#39;
Inherited documentation will be written to &#39;_InheritedDocs_.xml&#39;
Indexing C:\Program Files (x86)\Reference Assemblies\Microsoft\Framework\.NETFramework\v4.6.1\*.xml
Indexing C:\Program Files (x86)\Reference Assemblies\Microsoft\FSharp\.NETFramework\v4.0\4.4.0.0\*.xml
Indexing C:\Dev\Harness\src\Harness.Docs\Help\Working\Newtonsoft.Json.xml
Indexing C:\Dev\Harness\src\Harness.Docs\Help\Working\MongoDB.Driver.Core.xml
Indexing C:\Dev\Harness\src\Harness.Docs\Help\Working\MongoDB.Driver.xml
Indexing C:\Dev\Harness\src\Harness.Docs\Help\Working\MongoDB.Bson.xml
Indexing C:\Dev\Harness\src\Harness.Docs\Help\Working\Harness.xml
Indexed 168865 members in 132 file(s).  5 file(s) to scan for &lt;inheritdoc /&gt; tags.
Merging inherited documentation...

SHFB: Warning GID0004: No comments found for member &#39;M:Harness.HarnessManager.UsingSettings(System.String)&#39;
SHFB: Warning GID0004: No comments found for member &#39;M:Harness.HarnessManager.UsingSettings(Harness.Settings.HarnessConfiguration)&#39;

Documentation merged successfully
    Last step completed in 00:00:01.5403
</buildStep>
<buildStep step="CopyConceptualContent">
Copying conceptual content...
Copying standard token shared content file...
Checking for other token files...
Checking for code snippets files...
Copying images and creating the media map file...
Generating conceptual topic files
    Parsing topic file &#39;C:\Dev\Harness\src\Harness.Docs\Content\Welcome.aml&#39;
    C:\Dev\Harness\src\Harness.Docs\Content\Welcome.aml -&gt; C:\Dev\Harness\src\Harness.Docs\Help\Working\ddueXml\3dfd16d8-ec65-4abb-beae-96142f9d2172.xml
    Parsing topic file &#39;C:\Dev\Harness\src\Harness.Docs\Content\VersionHistory\VersionHistory.aml&#39;
    C:\Dev\Harness\src\Harness.Docs\Content\VersionHistory\VersionHistory.aml -&gt; C:\Dev\Harness\src\Harness.Docs\Help\Working\ddueXml\5b54145a-fe3b-40f2-830b-f26de458c478.xml
    Parsing topic file &#39;C:\Dev\Harness\src\Harness.Docs\Content\VersionHistory\v1.0.0.0.aml&#39;
    C:\Dev\Harness\src\Harness.Docs\Content\VersionHistory\v1.0.0.0.aml -&gt; C:\Dev\Harness\src\Harness.Docs\Help\Working\ddueXml\91e14c29-4607-4bc9-9893-a42632fe511c.xml
    Last step completed in 00:00:00.0340
</buildStep>
<buildStep step="CreateConceptualTopicConfigs">
Creating conceptual topic configuration files...
    Companion files
    _ContentMetadata_.xml
    Merging topic IDs into manifest.xml
    Last step completed in 00:00:00.0115
</buildStep>
<buildStep step="CopyAdditionalContent">
Copying additional content files...
C:\Dev\Harness\src\Harness.Docs\icons\Help.png -&gt; C:\Dev\Harness\src\Harness.Docs\Help\Working\Output\Markdown\icons\Help.png
    Last step completed in 00:00:00.0045
</buildStep>
<buildStep step="MergeTablesOfContents">
Merging conceptual and additional tables of contents...
    Last step completed in 00:00:00.0005
</buildStep>
<buildStep step="GenerateIntermediateTableOfContents">
Generating intermediate table of contents file...
[C:\Program Files (x86)\Microsoft Visual Studio\2017\Professional\MSBuild\15.0\Bin\MSBuild.exe - GenerateIntermediateTOC.proj]
Build started 10/09/2017 03:13:06.
Project &quot;C:\Dev\Harness\src\Harness.Docs\Help\Working\GenerateIntermediateTOC.proj&quot; on node 1 (default targets).
GenerateIntermediateTOC:
  XslTransform (v2017.5.15.0)
  Copyright &#184; 2006-2017, Microsoft Corporation, All Rights Reserved.
  Portions Copyright &#184; 2006-2016, Eric Woodruff, All Rights Reserved.
  Applying XSL transformation &#39;C:\Program Files (x86)\EWSoftware\Sandcastle Help File Builder\\ProductionTransforms\CreateVSToc.xsl&#39;.
Done Building Project &quot;C:\Dev\Harness\src\Harness.Docs\Help\Working\GenerateIntermediateTOC.proj&quot; (default targets).

Build succeeded.

Time Elapsed 00:00:00.12
Generating conceptual content intermediate TOC file...
    Last step completed in 00:00:00.3475
</buildStep>
<buildStep step="CreateBuildAssemblerConfigs">
Creating Sandcastle configuration files...
    sandcastle.config
    Last step completed in 00:00:00.2490
</buildStep>
<buildStep step="MergeCustomConfigs">
Merging custom build component configurations
C:\Dev\Harness\src\Harness.Docs\Help\Working\sandcastle.config
  Updating reference topic configurations.
  Updating conceptual topic configurations.
    Removing unused ExampleComponent.
    Last step completed in 00:00:00.0055
</buildStep>
<buildStep step="BuildTopics">
Building help topics...
[C:\Program Files (x86)\Microsoft Visual Studio\2017\Professional\MSBuild\15.0\Bin\MSBuild.exe - BuildTopics.proj]
Build started 10/09/2017 03:13:07.
Project &quot;C:\Dev\Harness\src\Harness.Docs\Help\Working\BuildTopics.proj&quot; on node 1 (default targets).
BuildTopics:
  BuildAssembler (v2017.5.15.0)
  Copyright &#184; 2006-2017, Microsoft Corporation, All Rights Reserved.
  Portions Copyright &#184; 2006-2016, Eric Woodruff, All Rights Reserved.
  Loading configuration...
  Processing topics...
BuildAssembler : warning : ShowMissingComponent: [T:Harness.FileSystem] Missing &lt;summary&gt; documentation [C:\Dev\Harness\src\Harness.Docs\Help\Working\BuildTopics.proj]
BuildAssembler : warning : ShowMissingComponent: [T:Harness.HarnessBase] Missing &lt;summary&gt; documentation [C:\Dev\Harness\src\Harness.Docs\Help\Working\BuildTopics.proj]
BuildAssembler : warning : ResolveReferenceLinksComponent: [P:Harness.HarnessBase.MongoConnections] Unknown reference link target &#39;T:MongoDB.Driver.IMongoClient&#39;. [C:\Dev\Harness\src\Harness.Docs\Help\Working\BuildTopics.proj]
BuildAssembler : warning : ShowMissingComponent: [T:Harness.HarnessBaseException] Missing &lt;summary&gt; documentation [C:\Dev\Harness\src\Harness.Docs\Help\Working\BuildTopics.proj]
BuildAssembler : warning : ShowMissingComponent: [M:Harness.HarnessBaseException.#ctor(System.String)] Missing &lt;param name=&quot;message&quot;/&gt; documentation [C:\Dev\Harness\src\Harness.Docs\Help\Working\BuildTopics.proj]
BuildAssembler : warning : ShowMissingComponent: [M:Harness.HarnessBaseException.#ctor(System.String,System.Exception)] Missing &lt;param name=&quot;message&quot;/&gt; documentation [C:\Dev\Harness\src\Harness.Docs\Help\Working\BuildTopics.proj]
BuildAssembler : warning : ShowMissingComponent: [M:Harness.HarnessBaseException.#ctor(System.String,System.Exception)] Missing &lt;param name=&quot;innerException&quot;/&gt; documentation [C:\Dev\Harness\src\Harness.Docs\Help\Working\BuildTopics.proj]
BuildAssembler : warning : ShowMissingComponent: [T:Harness.HarnessManager] Missing &lt;summary&gt; documentation [C:\Dev\Harness\src\Harness.Docs\Help\Working\BuildTopics.proj]
BuildAssembler : warning : ShowMissingComponent: [M:Harness.HarnessManager.UsingSettings(Harness.Settings.HarnessConfiguration)] Missing &lt;summary&gt; documentation [C:\Dev\Harness\src\Harness.Docs\Help\Working\BuildTopics.proj]
BuildAssembler : warning : ShowMissingComponent: [M:Harness.HarnessManager.UsingSettings(Harness.Settings.HarnessConfiguration)] Missing &lt;returns&gt; documentation [C:\Dev\Harness\src\Harness.Docs\Help\Working\BuildTopics.proj]
BuildAssembler : warning : ShowMissingComponent: [M:Harness.HarnessManager.UsingSettings(Harness.Settings.HarnessConfiguration)] Missing &lt;param name=&quot;configuration&quot;/&gt; documentation [C:\Dev\Harness\src\Harness.Docs\Help\Working\BuildTopics.proj]
BuildAssembler : warning : ShowMissingComponent: [M:Harness.HarnessManager.UsingSettings(System.String)] Missing &lt;summary&gt; documentation [C:\Dev\Harness\src\Harness.Docs\Help\Working\BuildTopics.proj]
BuildAssembler : warning : ShowMissingComponent: [M:Harness.HarnessManager.UsingSettings(System.String)] Missing &lt;returns&gt; documentation [C:\Dev\Harness\src\Harness.Docs\Help\Working\BuildTopics.proj]
BuildAssembler : warning : ShowMissingComponent: [M:Harness.HarnessManager.UsingSettings(System.String)] Missing &lt;param name=&quot;filepath&quot;/&gt; documentation [C:\Dev\Harness\src\Harness.Docs\Help\Working\BuildTopics.proj]
BuildAssembler : warning : ShowMissingComponent: [T:Harness.IFileSystem] Missing &lt;summary&gt; documentation [C:\Dev\Harness\src\Harness.Docs\Help\Working\BuildTopics.proj]
BuildAssembler : warning : ShowMissingComponent: [T:Harness.IHarnessManager] Missing &lt;summary&gt; documentation [C:\Dev\Harness\src\Harness.Docs\Help\Working\BuildTopics.proj]
BuildAssembler : warning : ShowMissingComponent: [M:Harness.IHarnessManager.UsingSettings(Harness.Settings.HarnessConfiguration)] Missing &lt;summary&gt; documentation [C:\Dev\Harness\src\Harness.Docs\Help\Working\BuildTopics.proj]
BuildAssembler : warning : ShowMissingComponent: [M:Harness.IHarnessManager.UsingSettings(Harness.Settings.HarnessConfiguration)] Missing &lt;returns&gt; documentation [C:\Dev\Harness\src\Harness.Docs\Help\Working\BuildTopics.proj]
BuildAssembler : warning : ShowMissingComponent: [M:Harness.IHarnessManager.UsingSettings(Harness.Settings.HarnessConfiguration)] Missing &lt;param name=&quot;configuration&quot;/&gt; documentation [C:\Dev\Harness\src\Harness.Docs\Help\Working\BuildTopics.proj]
BuildAssembler : warning : ShowMissingComponent: [M:Harness.IHarnessManager.UsingSettings(System.String)] Missing &lt;summary&gt; documentation [C:\Dev\Harness\src\Harness.Docs\Help\Working\BuildTopics.proj]
BuildAssembler : warning : ShowMissingComponent: [M:Harness.IHarnessManager.UsingSettings(System.String)] Missing &lt;returns&gt; documentation [C:\Dev\Harness\src\Harness.Docs\Help\Working\BuildTopics.proj]
BuildAssembler : warning : ShowMissingComponent: [M:Harness.IHarnessManager.UsingSettings(System.String)] Missing &lt;param name=&quot;filepath&quot;/&gt; documentation [C:\Dev\Harness\src\Harness.Docs\Help\Working\BuildTopics.proj]
BuildAssembler : warning : ShowMissingComponent: [T:Harness.IHarnessManagerBuilder] Missing &lt;summary&gt; documentation [C:\Dev\Harness\src\Harness.Docs\Help\Working\BuildTopics.proj]
BuildAssembler : warning : ShowMissingComponent: [M:Harness.IHarnessManagerBuilder.Build] Missing &lt;summary&gt; documentation [C:\Dev\Harness\src\Harness.Docs\Help\Working\BuildTopics.proj]
BuildAssembler : warning : ShowMissingComponent: [M:Harness.IHarnessManagerBuilder.Build] Missing &lt;returns&gt; documentation [C:\Dev\Harness\src\Harness.Docs\Help\Working\BuildTopics.proj]
BuildAssembler : warning : ResolveReferenceLinksComponent: [M:Harness.IHarnessManagerBuilder.Build] Unknown reference link target &#39;T:MongoDB.Driver.IMongoClient&#39;. [C:\Dev\Harness\src\Harness.Docs\Help\Working\BuildTopics.proj]
BuildAssembler : warning : ShowMissingComponent: [T:Harness.ValidationResult] Missing &lt;summary&gt; documentation [C:\Dev\Harness\src\Harness.Docs\Help\Working\BuildTopics.proj]
BuildAssembler : warning : ShowMissingComponent: [T:Harness.Attributes.RequiredAttributeNotFoundException] Missing &lt;summary&gt; documentation [C:\Dev\Harness\src\Harness.Docs\Help\Working\BuildTopics.proj]
BuildAssembler : warning : ShowMissingComponent: [M:Harness.Attributes.RequiredAttributeNotFoundException.#ctor(System.String)] Missing &lt;param name=&quot;message&quot;/&gt; documentation [C:\Dev\Harness\src\Harness.Docs\Help\Working\BuildTopics.proj]
BuildAssembler : warning : ShowMissingComponent: [M:Harness.Attributes.RequiredAttributeNotFoundException.#ctor(System.String,System.Exception)] Missing &lt;param name=&quot;message&quot;/&gt; documentation [C:\Dev\Harness\src\Harness.Docs\Help\Working\BuildTopics.proj]
BuildAssembler : warning : ShowMissingComponent: [M:Harness.Attributes.RequiredAttributeNotFoundException.#ctor(System.String,System.Exception)] Missing &lt;param name=&quot;innerException&quot;/&gt; documentation [C:\Dev\Harness\src\Harness.Docs\Help\Working\BuildTopics.proj]
BuildAssembler : warning : ShowMissingComponent: [T:Harness.Settings.CollectionConfig] Missing &lt;summary&gt; documentation [C:\Dev\Harness\src\Harness.Docs\Help\Working\BuildTopics.proj]
BuildAssembler : warning : ShowMissingComponent: [T:Harness.Settings.ConventionConfig] Missing &lt;summary&gt; documentation [C:\Dev\Harness\src\Harness.Docs\Help\Working\BuildTopics.proj]
BuildAssembler : warning : ResolveReferenceLinksComponent: [P:Harness.Settings.ConventionConfig.ConventionPack] Unknown reference link target &#39;T:MongoDB.Bson.Serialization.Conventions.IConventionPack&#39;. [C:\Dev\Harness\src\Harness.Docs\Help\Working\BuildTopics.proj]
BuildAssembler : warning : ShowMissingComponent: [T:Harness.Settings.DatabaseConfig] Missing &lt;summary&gt; documentation [C:\Dev\Harness\src\Harness.Docs\Help\Working\BuildTopics.proj]
BuildAssembler : warning : ShowMissingComponent: [T:Harness.Settings.HarnessConfiguration] Missing &lt;summary&gt; documentation [C:\Dev\Harness\src\Harness.Docs\Help\Working\BuildTopics.proj]
BuildAssembler : warning : ShowMissingComponent: [T:Harness.Settings.ISettingsBuilder] Missing &lt;summary&gt; documentation [C:\Dev\Harness\src\Harness.Docs\Help\Working\BuildTopics.proj]
BuildAssembler : warning : ShowMissingComponent: [M:Harness.Settings.ISettingsBuilder.AddConvention(MongoDB.Bson.Serialization.Conventions.IConvention,System.Linq.Expressions.Expression{System.Func{System.Type,System.Boolean}})] Missing &lt;returns&gt; documentation [C:\Dev\Harness\src\Harness.Docs\Help\Working\BuildTopics.proj]
BuildAssembler : warning : ResolveReferenceLinksComponent: [M:Harness.Settings.ISettingsBuilder.AddConvention(MongoDB.Bson.Serialization.Conventions.IConvention,System.Linq.Expressions.Expression{System.Func{System.Type,System.Boolean}})] Unknown reference link target &#39;T:MongoDB.Bson.Serialization.Conventions.IConvention&#39;. [C:\Dev\Harness\src\Harness.Docs\Help\Working\BuildTopics.proj]
BuildAssembler : warning : ShowMissingComponent: [M:Harness.Settings.ISettingsBuilder.AddConvention(MongoDB.Bson.Serialization.Conventions.IConventionPack,System.Linq.Expressions.Expression{System.Func{System.Type,System.Boolean}})] Missing &lt;returns&gt; documentation [C:\Dev\Harness\src\Harness.Docs\Help\Working\BuildTopics.proj]
BuildAssembler : warning : ResolveReferenceLinksComponent: [M:Harness.Settings.ISettingsBuilder.AddConvention(MongoDB.Bson.Serialization.Conventions.IConventionPack,System.Linq.Expressions.Expression{System.Func{System.Type,System.Boolean}})] Unknown reference link target &#39;T:MongoDB.Bson.Serialization.Conventions.IConventionPack&#39;. [C:\Dev\Harness\src\Harness.Docs\Help\Working\BuildTopics.proj]
BuildAssembler : warning : ShowMissingComponent: [M:Harness.Settings.ISettingsBuilder.AddConvention(System.Collections.Generic.IList{MongoDB.Bson.Serialization.Conventions.IConvention},System.Linq.Expressions.Expression{System.Func{System.Type,System.Boolean}})] Missing &lt;returns&gt; documentation [C:\Dev\Harness\src\Harness.Docs\Help\Working\BuildTopics.proj]
BuildAssembler : warning : ResolveReferenceLinksComponent: [M:Harness.Settings.ISettingsBuilder.AddConvention(System.Collections.Generic.IList{MongoDB.Bson.Serialization.Conventions.IConvention},System.Linq.Expressions.Expression{System.Func{System.Type,System.Boolean}})] Unknown reference link target &#39;T:MongoDB.Bson.Serialization.Conventions.IConvention&#39;. [C:\Dev\Harness\src\Harness.Docs\Help\Working\BuildTopics.proj]
BuildAssembler : warning : ShowMissingComponent: [T:Harness.Settings.ISettingsBuilderAddMoreCollections] Missing &lt;summary&gt; documentation [C:\Dev\Harness\src\Harness.Docs\Help\Working\BuildTopics.proj]
BuildAssembler : warning : ShowMissingComponent: [M:Harness.Settings.ISettingsBuilderAddMoreCollections.AddCollection``1(System.String,System.Boolean,Harness.Settings.IDataProvider)] Missing &lt;summary&gt; documentation [C:\Dev\Harness\src\Harness.Docs\Help\Working\BuildTopics.proj]
BuildAssembler : warning : ShowMissingComponent: [M:Harness.Settings.ISettingsBuilderAddMoreCollections.AddCollection``1(System.String,System.Boolean,Harness.Settings.IDataProvider)] Missing &lt;typeparam name=&quot;T&quot;/&gt; documentation [C:\Dev\Harness\src\Harness.Docs\Help\Working\BuildTopics.proj]
BuildAssembler : warning : ShowMissingComponent: [M:Harness.Settings.ISettingsBuilderAddMoreCollections.AddCollection``1(System.String,System.Boolean,Harness.Settings.IDataProvider)] Missing &lt;returns&gt; documentation [C:\Dev\Harness\src\Harness.Docs\Help\Working\BuildTopics.proj]
BuildAssembler : warning : ShowMissingComponent: [M:Harness.Settings.ISettingsBuilderAddMoreCollections.AddCollection``1(System.String,System.Boolean,Harness.Settings.IDataProvider)] Missing &lt;param name=&quot;name&quot;/&gt; documentation [C:\Dev\Harness\src\Harness.Docs\Help\Working\BuildTopics.proj]
BuildAssembler : warning : ShowMissingComponent: [M:Harness.Settings.ISettingsBuilderAddMoreCollections.AddCollection``1(System.String,System.Boolean,Harness.Settings.IDataProvider)] Missing &lt;param name=&quot;dropFirst&quot;/&gt; documentation [C:\Dev\Harness\src\Harness.Docs\Help\Working\BuildTopics.proj]
BuildAssembler : warning : ShowMissingComponent: [M:Harness.Settings.ISettingsBuilderAddMoreCollections.AddCollection``1(System.String,System.Boolean,Harness.Settings.IDataProvider)] Missing &lt;param name=&quot;dataProvider&quot;/&gt; documentation [C:\Dev\Harness\src\Harness.Docs\Help\Working\BuildTopics.proj]
BuildAssembler : warning : ShowMissingComponent: [M:Harness.Settings.ISettingsBuilderAddMoreCollections.AddCollection(System.String,System.Boolean,System.String)] Missing &lt;summary&gt; documentation [C:\Dev\Harness\src\Harness.Docs\Help\Working\BuildTopics.proj]
BuildAssembler : warning : ShowMissingComponent: [M:Harness.Settings.ISettingsBuilderAddMoreCollections.AddCollection(System.String,System.Boolean,System.String)] Missing &lt;returns&gt; documentation [C:\Dev\Harness\src\Harness.Docs\Help\Working\BuildTopics.proj]
BuildAssembler : warning : ShowMissingComponent: [M:Harness.Settings.ISettingsBuilderAddMoreCollections.AddCollection(System.String,System.Boolean,System.String)] Missing &lt;param name=&quot;name&quot;/&gt; documentation [C:\Dev\Harness\src\Harness.Docs\Help\Working\BuildTopics.proj]
BuildAssembler : warning : ShowMissingComponent: [M:Harness.Settings.ISettingsBuilderAddMoreCollections.AddCollection(System.String,System.Boolean,System.String)] Missing &lt;param name=&quot;dropFirst&quot;/&gt; documentation [C:\Dev\Harness\src\Harness.Docs\Help\Working\BuildTopics.proj]
BuildAssembler : warning : ShowMissingComponent: [M:Harness.Settings.ISettingsBuilderAddMoreCollections.AddCollection(System.String,System.Boolean,System.String)] Missing &lt;param name=&quot;fileLocation&quot;/&gt; documentation [C:\Dev\Harness\src\Harness.Docs\Help\Working\BuildTopics.proj]
BuildAssembler : warning : ShowMissingComponent: [M:Harness.Settings.ISettingsBuilderAddMoreCollections.AddDatabase(System.String)] Missing &lt;summary&gt; documentation [C:\Dev\Harness\src\Harness.Docs\Help\Working\BuildTopics.proj]
BuildAssembler : warning : ShowMissingComponent: [M:Harness.Settings.ISettingsBuilderAddMoreCollections.AddDatabase(System.String)] Missing &lt;returns&gt; documentation [C:\Dev\Harness\src\Harness.Docs\Help\Working\BuildTopics.proj]
BuildAssembler : warning : ShowMissingComponent: [M:Harness.Settings.ISettingsBuilderAddMoreCollections.AddDatabase(System.String)] Missing &lt;param name=&quot;name&quot;/&gt; documentation [C:\Dev\Harness\src\Harness.Docs\Help\Working\BuildTopics.proj]
BuildAssembler : warning : ShowMissingComponent: [M:Harness.Settings.ISettingsBuilderAddMoreCollections.Build] Missing &lt;summary&gt; documentation [C:\Dev\Harness\src\Harness.Docs\Help\Working\BuildTopics.proj]
BuildAssembler : warning : ShowMissingComponent: [M:Harness.Settings.ISettingsBuilderAddMoreCollections.Build] Missing &lt;returns&gt; documentation [C:\Dev\Harness\src\Harness.Docs\Help\Working\BuildTopics.proj]
BuildAssembler : warning : ShowMissingComponent: [T:Harness.Settings.ISettingsBuilderConnectionString] Missing &lt;summary&gt; documentation [C:\Dev\Harness\src\Harness.Docs\Help\Working\BuildTopics.proj]
BuildAssembler : warning : ShowMissingComponent: [T:Harness.Settings.ISettingsBuilderDatabase] Missing &lt;summary&gt; documentation [C:\Dev\Harness\src\Harness.Docs\Help\Working\BuildTopics.proj]
BuildAssembler : warning : ShowMissingComponent: [T:Harness.Settings.ISettingsBuilderDatabaseOptions] Missing &lt;summary&gt; documentation [C:\Dev\Harness\src\Harness.Docs\Help\Working\BuildTopics.proj]
BuildAssembler : warning : ShowMissingComponent: [M:Harness.Settings.ISettingsBuilderDatabaseOptions.AddCollection``1(System.String,System.Boolean,Harness.Settings.IDataProvider)] Missing &lt;summary&gt; documentation [C:\Dev\Harness\src\Harness.Docs\Help\Working\BuildTopics.proj]
BuildAssembler : warning : ShowMissingComponent: [M:Harness.Settings.ISettingsBuilderDatabaseOptions.AddCollection``1(System.String,System.Boolean,Harness.Settings.IDataProvider)] Missing &lt;typeparam name=&quot;T&quot;/&gt; documentation [C:\Dev\Harness\src\Harness.Docs\Help\Working\BuildTopics.proj]
BuildAssembler : warning : ShowMissingComponent: [M:Harness.Settings.ISettingsBuilderDatabaseOptions.AddCollection``1(System.String,System.Boolean,Harness.Settings.IDataProvider)] Missing &lt;returns&gt; documentation [C:\Dev\Harness\src\Harness.Docs\Help\Working\BuildTopics.proj]
BuildAssembler : warning : ShowMissingComponent: [M:Harness.Settings.ISettingsBuilderDatabaseOptions.AddCollection``1(System.String,System.Boolean,Harness.Settings.IDataProvider)] Missing &lt;param name=&quot;name&quot;/&gt; documentation [C:\Dev\Harness\src\Harness.Docs\Help\Working\BuildTopics.proj]
BuildAssembler : warning : ShowMissingComponent: [M:Harness.Settings.ISettingsBuilderDatabaseOptions.AddCollection``1(System.String,System.Boolean,Harness.Settings.IDataProvider)] Missing &lt;param name=&quot;dropFirst&quot;/&gt; documentation [C:\Dev\Harness\src\Harness.Docs\Help\Working\BuildTopics.proj]
BuildAssembler : warning : ShowMissingComponent: [M:Harness.Settings.ISettingsBuilderDatabaseOptions.AddCollection``1(System.String,System.Boolean,Harness.Settings.IDataProvider)] Missing &lt;param name=&quot;dataProvider&quot;/&gt; documentation [C:\Dev\Harness\src\Harness.Docs\Help\Working\BuildTopics.proj]
BuildAssembler : warning : ShowMissingComponent: [M:Harness.Settings.ISettingsBuilderDatabaseOptions.AddCollection(System.String,System.Boolean,System.String)] Missing &lt;summary&gt; documentation [C:\Dev\Harness\src\Harness.Docs\Help\Working\BuildTopics.proj]
BuildAssembler : warning : ShowMissingComponent: [M:Harness.Settings.ISettingsBuilderDatabaseOptions.AddCollection(System.String,System.Boolean,System.String)] Missing &lt;returns&gt; documentation [C:\Dev\Harness\src\Harness.Docs\Help\Working\BuildTopics.proj]
BuildAssembler : warning : ShowMissingComponent: [M:Harness.Settings.ISettingsBuilderDatabaseOptions.AddCollection(System.String,System.Boolean,System.String)] Missing &lt;param name=&quot;name&quot;/&gt; documentation [C:\Dev\Harness\src\Harness.Docs\Help\Working\BuildTopics.proj]
BuildAssembler : warning : ShowMissingComponent: [M:Harness.Settings.ISettingsBuilderDatabaseOptions.AddCollection(System.String,System.Boolean,System.String)] Missing &lt;param name=&quot;dropFirst&quot;/&gt; documentation [C:\Dev\Harness\src\Harness.Docs\Help\Working\BuildTopics.proj]
BuildAssembler : warning : ShowMissingComponent: [M:Harness.Settings.ISettingsBuilderDatabaseOptions.AddCollection(System.String,System.Boolean,System.String)] Missing &lt;param name=&quot;fileLocation&quot;/&gt; documentation [C:\Dev\Harness\src\Harness.Docs\Help\Working\BuildTopics.proj]
BuildAssembler : warning : ShowMissingComponent: [M:Harness.Settings.ISettingsBuilderDatabaseOptions.DropDatabaseFirst] Missing &lt;summary&gt; documentation [C:\Dev\Harness\src\Harness.Docs\Help\Working\BuildTopics.proj]
BuildAssembler : warning : ShowMissingComponent: [M:Harness.Settings.ISettingsBuilderDatabaseOptions.DropDatabaseFirst] Missing &lt;returns&gt; documentation [C:\Dev\Harness\src\Harness.Docs\Help\Working\BuildTopics.proj]
BuildAssembler : warning : ShowMissingComponent: [M:Harness.Settings.ISettingsBuilderDatabaseOptions.WithCollectionNameSuffix(System.String)] Missing &lt;summary&gt; documentation [C:\Dev\Harness\src\Harness.Docs\Help\Working\BuildTopics.proj]
BuildAssembler : warning : ShowMissingComponent: [M:Harness.Settings.ISettingsBuilderDatabaseOptions.WithCollectionNameSuffix(System.String)] Missing &lt;returns&gt; documentation [C:\Dev\Harness\src\Harness.Docs\Help\Working\BuildTopics.proj]
BuildAssembler : warning : ShowMissingComponent: [M:Harness.Settings.ISettingsBuilderDatabaseOptions.WithCollectionNameSuffix(System.String)] Missing &lt;param name=&quot;suffix&quot;/&gt; documentation [C:\Dev\Harness\src\Harness.Docs\Help\Working\BuildTopics.proj]
BuildAssembler : warning : ShowMissingComponent: [M:Harness.Settings.SettingsBuilder.AddConvention(MongoDB.Bson.Serialization.Conventions.IConvention,System.Linq.Expressions.Expression{System.Func{System.Type,System.Boolean}})] Missing &lt;returns&gt; documentation [C:\Dev\Harness\src\Harness.Docs\Help\Working\BuildTopics.proj]
BuildAssembler : warning : ResolveReferenceLinksComponent: [M:Harness.Settings.SettingsBuilder.AddConvention(MongoDB.Bson.Serialization.Conventions.IConvention,System.Linq.Expressions.Expression{System.Func{System.Type,System.Boolean}})] Unknown reference link target &#39;T:MongoDB.Bson.Serialization.Conventions.IConvention&#39;. [C:\Dev\Harness\src\Harness.Docs\Help\Working\BuildTopics.proj]
BuildAssembler : warning : ShowMissingComponent: [M:Harness.Settings.SettingsBuilder.AddConvention(MongoDB.Bson.Serialization.Conventions.IConventionPack,System.Linq.Expressions.Expression{System.Func{System.Type,System.Boolean}})] Missing &lt;returns&gt; documentation [C:\Dev\Harness\src\Harness.Docs\Help\Working\BuildTopics.proj]
BuildAssembler : warning : ResolveReferenceLinksComponent: [M:Harness.Settings.SettingsBuilder.AddConvention(MongoDB.Bson.Serialization.Conventions.IConventionPack,System.Linq.Expressions.Expression{System.Func{System.Type,System.Boolean}})] Unknown reference link target &#39;T:MongoDB.Bson.Serialization.Conventions.IConventionPack&#39;. [C:\Dev\Harness\src\Harness.Docs\Help\Working\BuildTopics.proj]
BuildAssembler : warning : ShowMissingComponent: [M:Harness.Settings.SettingsBuilder.AddConvention(System.Collections.Generic.IList{MongoDB.Bson.Serialization.Conventions.IConvention},System.Linq.Expressions.Expression{System.Func{System.Type,System.Boolean}})] Missing &lt;returns&gt; documentation [C:\Dev\Harness\src\Harness.Docs\Help\Working\BuildTopics.proj]
BuildAssembler : warning : ResolveReferenceLinksComponent: [M:Harness.Settings.SettingsBuilder.AddConvention(System.Collections.Generic.IList{MongoDB.Bson.Serialization.Conventions.IConvention},System.Linq.Expressions.Expression{System.Func{System.Type,System.Boolean}})] Unknown reference link target &#39;T:MongoDB.Bson.Serialization.Conventions.IConvention&#39;. [C:\Dev\Harness\src\Harness.Docs\Help\Working\BuildTopics.proj]
BuildAssembler : warning : ShowMissingComponent: [T:Harness.Settings.SettingsBuilderException] Missing &lt;summary&gt; documentation [C:\Dev\Harness\src\Harness.Docs\Help\Working\BuildTopics.proj]
BuildAssembler : warning : ShowMissingComponent: [M:Harness.Settings.SettingsBuilderException.#ctor(System.String)] Missing &lt;param name=&quot;message&quot;/&gt; documentation [C:\Dev\Harness\src\Harness.Docs\Help\Working\BuildTopics.proj]
BuildAssembler : warning : ShowMissingComponent: [T:Harness.Settings.SettingsLoaderException] Missing &lt;summary&gt; documentation [C:\Dev\Harness\src\Harness.Docs\Help\Working\BuildTopics.proj]
BuildAssembler : warning : ShowMissingComponent: [M:Harness.Settings.SettingsLoaderException.#ctor(System.String)] Missing &lt;param name=&quot;message&quot;/&gt; documentation [C:\Dev\Harness\src\Harness.Docs\Help\Working\BuildTopics.proj]
BuildAssembler : warning : ShowMissingComponent: [M:Harness.Settings.SettingsLoaderException.#ctor(System.String,System.Exception)] Missing &lt;param name=&quot;message&quot;/&gt; documentation [C:\Dev\Harness\src\Harness.Docs\Help\Working\BuildTopics.proj]
BuildAssembler : warning : ShowMissingComponent: [M:Harness.Settings.SettingsLoaderException.#ctor(System.String,System.Exception)] Missing &lt;param name=&quot;innerException&quot;/&gt; documentation [C:\Dev\Harness\src\Harness.Docs\Help\Working\BuildTopics.proj]
  Processed 142 topic(s)
  91 warning(s)
  CopyFromIndexComponent: &quot;metadata&quot; in-memory cache entries used: 1 of 15.
  ResolveArtLinksComponent: Copying media files...
  CopyFromIndexComponent: &quot;reflection&quot; in-memory cache entries used: 4 of 15.
  CopyFromIndexComponent: &quot;comments&quot; in-memory cache entries used: 3 of 30.
Done Building Project &quot;C:\Dev\Harness\src\Harness.Docs\Help\Working\BuildTopics.proj&quot; (default targets).

Build succeeded.

Time Elapsed 00:00:10.79
    Last step completed in 00:00:11.0535
</buildStep>
<buildStep step="CombiningIntermediateTocFiles">
Combining conceptual and API intermediate TOC files...
    Last step completed in 00:00:00.0040
</buildStep>
<buildStep step="CopyStandardHelpContent">
Copying standard help content...
C:\Program Files (x86)\EWSoftware\Sandcastle Help File Builder\PresentationStyles\Markdown\media\AlertCaution.png -&gt; C:\Dev\Harness\src\Harness.Docs\Help\Working\Output\Markdown\media\AlertCaution.png
C:\Program Files (x86)\EWSoftware\Sandcastle Help File Builder\PresentationStyles\Markdown\media\AlertNote.png -&gt; C:\Dev\Harness\src\Harness.Docs\Help\Working\Output\Markdown\media\AlertNote.png
C:\Program Files (x86)\EWSoftware\Sandcastle Help File Builder\PresentationStyles\Markdown\media\AlertSecurity.png -&gt; C:\Dev\Harness\src\Harness.Docs\Help\Working\Output\Markdown\media\AlertSecurity.png
C:\Program Files (x86)\EWSoftware\Sandcastle Help File Builder\PresentationStyles\Markdown\media\CFW.gif -&gt; C:\Dev\Harness\src\Harness.Docs\Help\Working\Output\Markdown\media\CFW.gif
C:\Program Files (x86)\EWSoftware\Sandcastle Help File Builder\PresentationStyles\Markdown\media\CodeExample.png -&gt; C:\Dev\Harness\src\Harness.Docs\Help\Working\Output\Markdown\media\CodeExample.png
C:\Program Files (x86)\EWSoftware\Sandcastle Help File Builder\PresentationStyles\Markdown\media\privclass.gif -&gt; C:\Dev\Harness\src\Harness.Docs\Help\Working\Output\Markdown\media\privclass.gif
C:\Program Files (x86)\EWSoftware\Sandcastle Help File Builder\PresentationStyles\Markdown\media\privdelegate.gif -&gt; C:\Dev\Harness\src\Harness.Docs\Help\Working\Output\Markdown\media\privdelegate.gif
C:\Program Files (x86)\EWSoftware\Sandcastle Help File Builder\PresentationStyles\Markdown\media\privenumeration.gif -&gt; C:\Dev\Harness\src\Harness.Docs\Help\Working\Output\Markdown\media\privenumeration.gif
C:\Program Files (x86)\EWSoftware\Sandcastle Help File Builder\PresentationStyles\Markdown\media\privevent.gif -&gt; C:\Dev\Harness\src\Harness.Docs\Help\Working\Output\Markdown\media\privevent.gif
C:\Program Files (x86)\EWSoftware\Sandcastle Help File Builder\PresentationStyles\Markdown\media\privextension.gif -&gt; C:\Dev\Harness\src\Harness.Docs\Help\Working\Output\Markdown\media\privextension.gif
C:\Program Files (x86)\EWSoftware\Sandcastle Help File Builder\PresentationStyles\Markdown\media\privfield.gif -&gt; C:\Dev\Harness\src\Harness.Docs\Help\Working\Output\Markdown\media\privfield.gif
C:\Program Files (x86)\EWSoftware\Sandcastle Help File Builder\PresentationStyles\Markdown\media\privinterface.gif -&gt; C:\Dev\Harness\src\Harness.Docs\Help\Working\Output\Markdown\media\privinterface.gif
C:\Program Files (x86)\EWSoftware\Sandcastle Help File Builder\PresentationStyles\Markdown\media\privmethod.gif -&gt; C:\Dev\Harness\src\Harness.Docs\Help\Working\Output\Markdown\media\privmethod.gif
C:\Program Files (x86)\EWSoftware\Sandcastle Help File Builder\PresentationStyles\Markdown\media\privproperty.gif -&gt; C:\Dev\Harness\src\Harness.Docs\Help\Working\Output\Markdown\media\privproperty.gif
C:\Program Files (x86)\EWSoftware\Sandcastle Help File Builder\PresentationStyles\Markdown\media\privstructure.gif -&gt; C:\Dev\Harness\src\Harness.Docs\Help\Working\Output\Markdown\media\privstructure.gif
C:\Program Files (x86)\EWSoftware\Sandcastle Help File Builder\PresentationStyles\Markdown\media\protclass.gif -&gt; C:\Dev\Harness\src\Harness.Docs\Help\Working\Output\Markdown\media\protclass.gif
C:\Program Files (x86)\EWSoftware\Sandcastle Help File Builder\PresentationStyles\Markdown\media\protdelegate.gif -&gt; C:\Dev\Harness\src\Harness.Docs\Help\Working\Output\Markdown\media\protdelegate.gif
C:\Program Files (x86)\EWSoftware\Sandcastle Help File Builder\PresentationStyles\Markdown\media\protenumeration.gif -&gt; C:\Dev\Harness\src\Harness.Docs\Help\Working\Output\Markdown\media\protenumeration.gif
C:\Program Files (x86)\EWSoftware\Sandcastle Help File Builder\PresentationStyles\Markdown\media\protevent.gif -&gt; C:\Dev\Harness\src\Harness.Docs\Help\Working\Output\Markdown\media\protevent.gif
C:\Program Files (x86)\EWSoftware\Sandcastle Help File Builder\PresentationStyles\Markdown\media\protextension.gif -&gt; C:\Dev\Harness\src\Harness.Docs\Help\Working\Output\Markdown\media\protextension.gif
C:\Program Files (x86)\EWSoftware\Sandcastle Help File Builder\PresentationStyles\Markdown\media\protfield.gif -&gt; C:\Dev\Harness\src\Harness.Docs\Help\Working\Output\Markdown\media\protfield.gif
C:\Program Files (x86)\EWSoftware\Sandcastle Help File Builder\PresentationStyles\Markdown\media\protinterface.gif -&gt; C:\Dev\Harness\src\Harness.Docs\Help\Working\Output\Markdown\media\protinterface.gif
C:\Program Files (x86)\EWSoftware\Sandcastle Help File Builder\PresentationStyles\Markdown\media\protmethod.gif -&gt; C:\Dev\Harness\src\Harness.Docs\Help\Working\Output\Markdown\media\protmethod.gif
C:\Program Files (x86)\EWSoftware\Sandcastle Help File Builder\PresentationStyles\Markdown\media\protoperator.gif -&gt; C:\Dev\Harness\src\Harness.Docs\Help\Working\Output\Markdown\media\protoperator.gif
C:\Program Files (x86)\EWSoftware\Sandcastle Help File Builder\PresentationStyles\Markdown\media\protproperty.gif -&gt; C:\Dev\Harness\src\Harness.Docs\Help\Working\Output\Markdown\media\protproperty.gif
C:\Program Files (x86)\EWSoftware\Sandcastle Help File Builder\PresentationStyles\Markdown\media\protstructure.gif -&gt; C:\Dev\Harness\src\Harness.Docs\Help\Working\Output\Markdown\media\protstructure.gif
C:\Program Files (x86)\EWSoftware\Sandcastle Help File Builder\PresentationStyles\Markdown\media\pubclass.gif -&gt; C:\Dev\Harness\src\Harness.Docs\Help\Working\Output\Markdown\media\pubclass.gif
C:\Program Files (x86)\EWSoftware\Sandcastle Help File Builder\PresentationStyles\Markdown\media\pubdelegate.gif -&gt; C:\Dev\Harness\src\Harness.Docs\Help\Working\Output\Markdown\media\pubdelegate.gif
C:\Program Files (x86)\EWSoftware\Sandcastle Help File Builder\PresentationStyles\Markdown\media\pubenumeration.gif -&gt; C:\Dev\Harness\src\Harness.Docs\Help\Working\Output\Markdown\media\pubenumeration.gif
C:\Program Files (x86)\EWSoftware\Sandcastle Help File Builder\PresentationStyles\Markdown\media\pubevent.gif -&gt; C:\Dev\Harness\src\Harness.Docs\Help\Working\Output\Markdown\media\pubevent.gif
C:\Program Files (x86)\EWSoftware\Sandcastle Help File Builder\PresentationStyles\Markdown\media\pubextension.gif -&gt; C:\Dev\Harness\src\Harness.Docs\Help\Working\Output\Markdown\media\pubextension.gif
C:\Program Files (x86)\EWSoftware\Sandcastle Help File Builder\PresentationStyles\Markdown\media\pubfield.gif -&gt; C:\Dev\Harness\src\Harness.Docs\Help\Working\Output\Markdown\media\pubfield.gif
C:\Program Files (x86)\EWSoftware\Sandcastle Help File Builder\PresentationStyles\Markdown\media\pubinterface.gif -&gt; C:\Dev\Harness\src\Harness.Docs\Help\Working\Output\Markdown\media\pubinterface.gif
C:\Program Files (x86)\EWSoftware\Sandcastle Help File Builder\PresentationStyles\Markdown\media\pubmethod.gif -&gt; C:\Dev\Harness\src\Harness.Docs\Help\Working\Output\Markdown\media\pubmethod.gif
C:\Program Files (x86)\EWSoftware\Sandcastle Help File Builder\PresentationStyles\Markdown\media\puboperator.gif -&gt; C:\Dev\Harness\src\Harness.Docs\Help\Working\Output\Markdown\media\puboperator.gif
C:\Program Files (x86)\EWSoftware\Sandcastle Help File Builder\PresentationStyles\Markdown\media\pubproperty.gif -&gt; C:\Dev\Harness\src\Harness.Docs\Help\Working\Output\Markdown\media\pubproperty.gif
C:\Program Files (x86)\EWSoftware\Sandcastle Help File Builder\PresentationStyles\Markdown\media\pubstructure.gif -&gt; C:\Dev\Harness\src\Harness.Docs\Help\Working\Output\Markdown\media\pubstructure.gif
C:\Program Files (x86)\EWSoftware\Sandcastle Help File Builder\PresentationStyles\Markdown\media\slMobile.gif -&gt; C:\Dev\Harness\src\Harness.Docs\Help\Working\Output\Markdown\media\slMobile.gif
C:\Program Files (x86)\EWSoftware\Sandcastle Help File Builder\PresentationStyles\Markdown\media\static.gif -&gt; C:\Dev\Harness\src\Harness.Docs\Help\Working\Output\Markdown\media\static.gif
C:\Program Files (x86)\EWSoftware\Sandcastle Help File Builder\PresentationStyles\Markdown\media\xna.gif -&gt; C:\Dev\Harness\src\Harness.Docs\Help\Working\Output\Markdown\media\xna.gif
C:\Program Files (x86)\EWSoftware\Sandcastle Help File Builder\PresentationStyles\Markdown\MarkdownContent\_Footer.md -&gt; C:\Dev\Harness\src\Harness.Docs\Help\Working\Output\Markdown\_Footer.md
    Last step completed in 00:00:00.3055
</buildStep>
<buildStep step="GenerateHelpFormatTableOfContents">
Executing informational Generate Table of Contents build step for plug-ins (not used for Markdown)
    Last step completed in 00:00:00.0015
</buildStep>
<buildStep step="GenerateHelpProject">
Executing informational Generate Help Project build step for plug-ins (not used for Markdown)
    Last step completed in 00:00:00.0010
</buildStep>
<buildStep step="CompilingHelpFile">
Generating markdown content...
[C:\Program Files (x86)\Microsoft Visual Studio\2017\Professional\MSBuild\15.0\Bin\MSBuild.exe - GenerateMarkdownContent.proj]
  Finished generating 142 topics
  Copying content to output folder...
  Finished copying 186 files
    Last step completed in 00:00:01.3820
</buildStep>
<buildStep step="CleanIntermediates">
Removing intermediate files...
    Last step completed in 00:00:00.1040
</buildStep>
<buildStep step="Completed">

Build completed successfully at 10/09/2017 03:13:19.  Total time: 00:00:18.2495

</buildStep>
</shfbBuild>
